/home/osman/.rvm/rubies/ruby-2.2.2/bin/ruby -r ./siteconf20151122-23514-ghigx4.rb extconf.rb
checking for sqlite3.h... yes
checking for sqlite3_libversion_number() in -lsqlite3... yes
checking for rb_proc_arity()... yes
checking for rb_integer_pack()... yes
checking for sqlite3_initialize()... yes
checking for sqlite3_backup_init()... yes
checking for sqlite3_column_database_name()... yes
checking for sqlite3_enable_load_extension()... yes
checking for sqlite3_load_extension()... yes
checking for sqlite3_open_v2()... yes
checking for sqlite3_prepare_v2()... yes
checking for sqlite3_int64 in sqlite3.h... yes
checking for sqlite3_uint64 in sqlite3.h... yes
creating Makefile

make "DESTDIR=" clean

make "DESTDIR="
compiling sqlite3.c
compiling statement.c
compiling database.c
compiling exception.c
compiling backup.c
linking shared-object sqlite3/sqlite3_native.so

make "DESTDIR=" install
/usr/bin/install -c -m 0755 sqlite3_native.so ./.gem.20151122-23514-1k2kgq1/sqlite3
