/home/osman/.rvm/rubies/ruby-2.2.2/bin/ruby -r ./siteconf20151122-23514-f9r9dr.rb extconf.rb
checking for ffi_call() in -lffi... yes
checking for ffi_prep_closure()... yes
checking for ffi_raw_call()... yes
checking for ffi_prep_raw_closure()... yes
checking for rb_thread_blocking_region()... no
checking for rb_thread_call_with_gvl()... yes
checking for rb_thread_call_without_gvl()... yes
checking for ffi_prep_cif_var()... yes
creating extconf.h
creating Makefile

make "DESTDIR=" clean

make "DESTDIR="
compiling Variadic.c
compiling StructByReference.c
compiling StructLayout.c
compiling FunctionInfo.c
compiling Buffer.c
compiling LongDouble.c
compiling Call.c
compiling ffi.c
compiling Pointer.c
compiling Function.c
compiling Platform.c
compiling StructByValue.c
compiling AbstractMemory.c
compiling Types.c
compiling DataConverter.c
compiling LastError.c
compiling MemoryPointer.c
compiling MappedType.c
compiling MethodHandle.c
compiling Thread.c
compiling ClosurePool.c
compiling DynamicLibrary.c
compiling ArrayType.c
compiling Struct.c
compiling Type.c
linking shared-object ffi_c.so

make "DESTDIR=" install
/usr/bin/install -c -m 0755 ffi_c.so ./.gem.20151122-23514-8rf2je
